STAR version=2.7.10a
STAR compilation time,server,dir=2022-01-14T18:50:00-05:00 :/home/dobin/data/STAR/STARcode/STAR.master/source
STAR git: On branch master ; commit ae26add7ea1724f3281ec8abedb71bcff6a4ae73 ; diff files: CHANGES.md README.md RELEASEnotes.md doc/STARmanual.pdf extras/doc-latex/STARmanual.tex extras/doc-latex/convertParDefToLatexTable.awk extras/doc-latex/parametersDefault.tex extras/docker/Dockerfile source/VERSION 
##### Command Line:
STAR --runThreadN 2 --genomeDir chr19_20Mb --readFilesIn reads/A_R1.fastq reads/A_R2.fastq --outStd BAM_SortedByCoordinate --outSAMtype BAM SortedByCoordinate --outFileNamePrefix star/se/A_R/
##### Initial USER parameters from Command Line:
outFileNamePrefix                 star/se/A_R/
outStd                            BAM_SortedByCoordinate
###### All USER parameters from Command Line:
runThreadN                    2     ~RE-DEFINED
genomeDir                     chr19_20Mb     ~RE-DEFINED
readFilesIn                   reads/A_R1.fastq   reads/A_R2.fastq        ~RE-DEFINED
outStd                        BAM_SortedByCoordinate     ~RE-DEFINED
outSAMtype                    BAM   SortedByCoordinate        ~RE-DEFINED
outFileNamePrefix             star/se/A_R/     ~RE-DEFINED
##### Finished reading parameters from all sources

##### Final user re-defined parameters-----------------:
runThreadN                        2
genomeDir                         chr19_20Mb
readFilesIn                       reads/A_R1.fastq   reads/A_R2.fastq   
outFileNamePrefix                 star/se/A_R/
outStd                            BAM_SortedByCoordinate
outSAMtype                        BAM   SortedByCoordinate   

-------------------------------
##### Final effective command line:
STAR   --runThreadN 2   --genomeDir chr19_20Mb   --readFilesIn reads/A_R1.fastq   reads/A_R2.fastq      --outFileNamePrefix star/se/A_R/   --outStd BAM_SortedByCoordinate   --outSAMtype BAM   SortedByCoordinate   
----------------------------------------

Number of fastq files for each mate = 1
ParametersSolo: --soloCellFilterType CellRanger2.2 filtering parameters:  3000 0.99 10
WARNING: --limitBAMsortRAM=0, will use genome size as RAM limit for BAM sorting
Finished loading and checking parameters
Reading genome generation parameters:
### STAR   --runMode genomeGenerate      --runThreadN 1   --genomeDir chr19_20Mb   --genomeFastaFiles annotation/chr19_20Mb.fa      --outTmpDir /tmp/tmpozat4amn/STARtmp   --sjdbGTFfile annotation/chr19_20Mb.gtf   --sjdbOverhang 100
### GstrandBit=32
versionGenome                 2.7.4a     ~RE-DEFINED
genomeType                    Full     ~RE-DEFINED
genomeFastaFiles              annotation/chr19_20Mb.fa        ~RE-DEFINED
genomeSAindexNbases           14     ~RE-DEFINED
genomeChrBinNbits             18     ~RE-DEFINED
genomeSAsparseD               1     ~RE-DEFINED
genomeTransformType           None     ~RE-DEFINED
genomeTransformVCF            -     ~RE-DEFINED
sjdbOverhang                  100     ~RE-DEFINED
sjdbFileChrStartEnd           -        ~RE-DEFINED
sjdbGTFfile                   annotation/chr19_20Mb.gtf     ~RE-DEFINED
sjdbGTFchrPrefix              -     ~RE-DEFINED
sjdbGTFfeatureExon            exon     ~RE-DEFINED
sjdbGTFtagExonParentTranscripttranscript_id     ~RE-DEFINED
sjdbGTFtagExonParentGene      gene_id     ~RE-DEFINED
sjdbInsertSave                Basic     ~RE-DEFINED
genomeFileSizes               20385083   165321753        ~RE-DEFINED
Genome version is compatible with current STAR
Number of real (reference) chromosomes= 1
1	chr19	19999999	0
--sjdbOverhang = 100 taken from the generated genome
Started loading the genome: Wed Jun  8 22:20:23 2022

Genome: size given as a parameter = 20385083
SA: size given as a parameter = 165321753
SAindex: size given as a parameter = 1
Read from SAindex: pGe.gSAindexNbases=14  nSAi=357913940
nGenome=20385083;  nSAbyte=165321753
GstrandBit=32   SA number of indices=40078000
Shared memory is not used for genomes. Allocated a private copy of the genome.
Genome file size: 20385083 bytes; state: good=1 eof=0 fail=0 bad=0
Loading Genome ... done! state: good=1 eof=0 fail=0 bad=0; loaded 20385083 bytes
SA file size: 165321753 bytes; state: good=1 eof=0 fail=0 bad=0
Loading SA ... done! state: good=1 eof=0 fail=0 bad=0; loaded 165321753 bytes
Loading SAindex ... done: 1565873619 bytes
Finished loading the genome: Wed Jun  8 22:20:25 2022

Processing splice junctions database sjdbN=995,   pGe.sjdbOverhang=100 
alignIntronMax=alignMatesGapMax=0, the max intron size will be approximately determined by (2^winBinNbits)*winAnchorDistNbins=589824
Created thread # 1
Thread #1 end of input stream, nextChar=-1
BAM sorting: 80478 mapped reads
BAM sorting bins genomic start loci:
1	0	289076
2	0	417303
3	0	506970
4	0	572637
5	0	580374
6	0	581334
7	0	581577
8	0	582946
9	0	583299
10	0	614073
11	0	629861
12	0	716650
13	0	738489
14	0	747008
15	0	747984
16	0	814996
17	0	896788
18	0	1010328
19	0	1014449
20	0	1088337
21	0	1104039
22	0	1105757
23	0	1213709
24	0	1235344
25	0	1244653
26	0	1271167
27	0	1272266
28	0	1274438
29	0	1361626
30	0	1387815
31	0	1398998
32	0	1428901
33	0	1440161
34	0	1453541
35	0	1461969
36	0	1466909
37	0	1470923
38	0	1472597
39	0	1556420
40	0	1578374
41	0	1599444
42	0	1819064
43	0	1853997
44	0	1879920
45	0	1918890
46	0	1978713
47	0	1985637
48	0	1986949
Completed: thread #1
Completed: thread #0
Joined thread # 1
Jun 08 22:21:14 ..... started sorting BAM
Max memory needed for sorting = 1219903
ALL DONE!
