                                 Started job on |	Jun 08 22:20:23
                             Started mapping on |	Jun 08 22:20:25
                                    Finished on |	Jun 08 22:21:31
       Mapping speed, Million of reads per hour |	4.74

                          Number of input reads |	86909
                      Average input read length |	302
                                    UNIQUE READS:
                   Uniquely mapped reads number |	74927
                        Uniquely mapped reads % |	86.21%
                          Average mapped length |	291.70
                       Number of splices: Total |	69107
            Number of splices: Annotated (sjdb) |	44924
                       Number of splices: GT/AG |	23600
                       Number of splices: GC/AG |	185
                       Number of splices: AT/AC |	203
               Number of splices: Non-canonical |	45119
                      Mismatch rate per base, % |	0.29%
                         Deletion rate per base |	0.01%
                        Deletion average length |	1.73
                        Insertion rate per base |	0.01%
                       Insertion average length |	1.19
                             MULTI-MAPPING READS:
        Number of reads mapped to multiple loci |	1051
             % of reads mapped to multiple loci |	1.21%
        Number of reads mapped to too many loci |	7
             % of reads mapped to too many loci |	0.01%
                                  UNMAPPED READS:
  Number of reads unmapped: too many mismatches |	0
       % of reads unmapped: too many mismatches |	0.00%
            Number of reads unmapped: too short |	10870
                 % of reads unmapped: too short |	12.51%
                Number of reads unmapped: other |	54
                     % of reads unmapped: other |	0.06%
                                  CHIMERIC READS:
                       Number of chimeric reads |	0
                            % of chimeric reads |	0.00%
